#
# There is insufficient memory for the Java Runtime Environment to continue.
# Native memory allocation (malloc) failed to allocate 32744 bytes for ChunkPool::allocate
# Possible reasons:
#   The system is out of physical RAM or swap space
#   The process is running with CompressedOops enabled, and the Java Heap may be blocking the growth of the native heap
# Possible solutions:
#   Reduce memory load on the system
#   Increase physical memory or swap space
#   Check if swap backing store is full
#   Decrease Java heap size (-Xmx/-Xms)
#   Decrease number of Java threads
#   Decrease Java thread stack sizes (-Xss)
#   Set larger code cache with -XX:ReservedCodeCacheSize=
#   JVM is running with Unscaled Compressed Oops mode in which the Java heap is
#     placed in the first 4GB address space. The Java Heap base address is the
#     maximum limit for the native heap growth. Please use -XX:HeapBaseMinAddress
#     to set the Java Heap base and to place the Java Heap above 4GB virtual address.
# This output file may be truncated or incomplete.
#
#  Out of Memory Error (t:/workspace/open/src/hotspot/share/memory/arena.cpp:82), pid=10184, tid=2616
#
# JRE version: Java(TM) SE Runtime Environment (10.0.2+13) (build 10.0.2+13)
# Java VM: Java HotSpot(TM) 64-Bit Server VM (10.0.2+13, mixed mode, tiered, compressed oops, g1 gc, windows-amd64)
# No core dump will be written. Minidumps are not enabled by default on client versions of Windows
#

---------------  S U M M A R Y ------------

Command Line: -javaagent:F:\software\IntelliJ IDEA Community Edition 2018.2.3\lib\idea_rt.jar=50593:F:\software\IntelliJ IDEA Community Edition 2018.2.3\bin -Dfile.encoding=UTF-8 sample.Main

Host: AMD Athlon(tm) 64 X2 Dual Core Processor 6000+, 2 cores, 3G,  Windows 10 , 64 bit Build 17134 (10.0.17134.1)
Time: Sat Sep 15 00:01:32 2018 RTZ 2 (ceia) elapsed time: 2 seconds (0d 0h 0m 2s)

---------------  T H R E A D  ---------------

Current thread (0x000001887ab69000):  JavaThread "C1 CompilerThread1" daemon [_thread_in_vm, id=2616, stack(0x0000003982200000,0x0000003982300000)]


Current CompileTask:
C1:   2195  815       3       java.lang.invoke.ClassSpecializer$Factory::typeLoadOp (90 bytes)

Stack: [0x0000003982200000,0x0000003982300000]
Native frames: (J=compiled Java code, j=interpreted, Vv=VM code, C=native code)
V  [jvm.dll+0x5a01a9]
V  [jvm.dll+0x6bcf31]
V  [jvm.dll+0x6be126]
V  [jvm.dll+0x6be7b3]
V  [jvm.dll+0x234978]
V  [jvm.dll+0xbb8fb]
V  [jvm.dll+0xbb6ea]
V  [jvm.dll+0xbbbac]
V  [jvm.dll+0x1a343d]
V  [jvm.dll+0x1937e1]
V  [jvm.dll+0x20c780]
V  [jvm.dll+0x20b6a6]
V  [jvm.dll+0x68b7ff]
V  [jvm.dll+0x59f4b0]
C  [msvcr120.dll+0x24f7f]
C  [msvcr120.dll+0x25126]
C  [KERNEL32.DLL+0x13034]
C  [ntdll.dll+0x71431]


---------------  P R O C E S S  ---------------

Threads class SMR info:
_java_thread_list=0x000001887b26b1a0, length=16, elements={
0x00000188689de000, 0x000001887aab2000, 0x000001887aab3000, 0x000001887ab03800,
0x000001887ab04800, 0x000001887ab05800, 0x000001887ab69000, 0x000001887ac74800,
0x000001887ad5e800, 0x000001887ae22800, 0x000001887ae24800, 0x000001887b147800,
0x000001887b201800, 0x000001887b203000, 0x000001887af1e800, 0x000001887b476800
}

Java Threads: ( => current thread )
  0x00000188689de000 JavaThread "main" [_thread_blocked, id=8292, stack(0x0000003981400000,0x0000003981500000)]
  0x000001887aab2000 JavaThread "Reference Handler" daemon [_thread_blocked, id=9000, stack(0x0000003981d00000,0x0000003981e00000)]
  0x000001887aab3000 JavaThread "Finalizer" daemon [_thread_blocked, id=7260, stack(0x0000003981e00000,0x0000003981f00000)]
  0x000001887ab03800 JavaThread "Signal Dispatcher" daemon [_thread_blocked, id=6888, stack(0x0000003981f00000,0x0000003982000000)]
  0x000001887ab04800 JavaThread "Attach Listener" daemon [_thread_blocked, id=5664, stack(0x0000003982000000,0x0000003982100000)]
  0x000001887ab05800 JavaThread "C2 CompilerThread0" daemon [_thread_in_native, id=9680, stack(0x0000003982100000,0x0000003982200000)]
=>0x000001887ab69000 JavaThread "C1 CompilerThread1" daemon [_thread_in_vm, id=2616, stack(0x0000003982200000,0x0000003982300000)]
  0x000001887ac74800 JavaThread "Sweeper thread" daemon [_thread_blocked, id=3612, stack(0x0000003982300000,0x0000003982400000)]
  0x000001887ad5e800 JavaThread "Common-Cleaner" daemon [_thread_blocked, id=536, stack(0x0000003982400000,0x0000003982500000)]
  0x000001887ae22800 JavaThread "Monitor Ctrl-Break" daemon [_thread_in_native, id=7720, stack(0x0000003982500000,0x0000003982600000)]
  0x000001887ae24800 JavaThread "Service Thread" daemon [_thread_blocked, id=6900, stack(0x0000003982600000,0x0000003982700000)]
  0x000001887b147800 JavaThread "QuantumRenderer-0" daemon [_thread_blocked, id=9876, stack(0x0000003982800000,0x0000003982900000)]
  0x000001887b201800 JavaThread "InvokeLaterDispatcher" daemon [_thread_blocked, id=6956, stack(0x0000003982a00000,0x0000003982b00000)]
  0x000001887b203000 JavaThread "JavaFX Application Thread" [_thread_in_vm, id=2292, stack(0x0000003982b00000,0x0000003982c00000)]
  0x000001887af1e800 JavaThread "JavaFX-Launcher" [_thread_blocked, id=5060, stack(0x0000003983200000,0x0000003983300000)]
  0x000001887b476800 JavaThread "Thread-2" daemon [_thread_in_native, id=396, stack(0x0000003983100000,0x0000003983200000)]

Other Threads:
  0x000001887aa9c000 VMThread "VM Thread" [stack: 0x0000003981c00000,0x0000003981d00000] [id=7268]
  0x000001887af1f800 WatcherThread [stack: 0x0000003982700000,0x0000003982800000] [id=4604]
  0x00000188689f7000 GCTaskThread "GC Thread#0" [stack: 0x0000003981500000,0x0000003981600000] [id=6856]
  0x00000188689f9800 GCTaskThread "GC Thread#1" [stack: 0x0000003981600000,0x0000003981700000] [id=2024]
  0x0000018868a32800 ConcurrentGCThread "G1 Main Marker" [stack: 0x0000003981700000,0x0000003981800000] [id=6644]
  0x0000018868a33800 ConcurrentGCThread "G1 Conc#0" [stack: 0x0000003981800000,0x0000003981900000] [id=8296]
  0x0000018868a7e000 ConcurrentGCThread "G1 Refine#0" [stack: 0x0000003981900000,0x0000003981a00000] [id=8596]
  0x0000018868a80000 ConcurrentGCThread "G1 Refine#1" [stack: 0x0000003981a00000,0x0000003981b00000] [id=7280]
  0x0000018868a81000 ConcurrentGCThread "G1 Young RemSet Sampling" [stack: 0x0000003981b00000,0x0000003981c00000] [id=3024]

Threads with active compile tasks:
C2 CompilerThread0 775       4       jdk.internal.org.objectweb.asm.Frame::execute (2264 bytes)
C1 CompilerThread1 815       3       java.lang.invoke.ClassSpecializer$Factory::typeLoadOp (90 bytes)

VM state:not at safepoint (normal execution)

VM Mutex/Monitor currently owned by a thread: None

Heap address: 0x00000000c0000000, size: 1024 MB, Compressed Oops mode: 32-bit
Narrow klass base: 0x0000000000000000, Narrow klass shift: 3
Compressed class space size: 1073741824 Address: 0x0000000100000000

Heap:
 garbage-first heap   total 65536K, used 4132K [0x00000000c0000000, 0x0000000100000000)
  region size 1024K, 4 young (4096K), 1 survivors (1024K)
 Metaspace       used 11719K, capacity 12048K, committed 12416K, reserved 1060864K
  class space    used 1182K, capacity 1294K, committed 1408K, reserved 1048576K
Heap Regions: E=young(eden), S=young(survivor), O=old, HS=humongous(starts), HC=humongous(continues), CS=collection set, F=free, A=archive, TS=gc time stamp, AC=allocation context, TAMS=top-at-mark-start (previous, next)
|   0|0x00000000c0000000, 0x00000000c0100000, 0x00000000c0100000|100%| O|  |TS  1|AC  0|TAMS 0x00000000c0000000, 0x00000000c0000000|
|   1|0x00000000c0100000, 0x00000000c0109000, 0x00000000c0200000|  3%| O|  |TS  1|AC  0|TAMS 0x00000000c0100000, 0x00000000c0100000|
|   2|0x00000000c0200000, 0x00000000c0200000, 0x00000000c0300000|  0%| F|  |TS  0|AC  0|TAMS 0x00000000c0200000, 0x00000000c0200000|
|   3|0x00000000c0300000, 0x00000000c0300000, 0x00000000c0400000|  0%| F|  |TS  0|AC  0|TAMS 0x00000000c0300000, 0x00000000c0300000|
|   4|0x00000000c0400000, 0x00000000c0400000, 0x00000000c0500000|  0%| F|  |TS  0|AC  0|TAMS 0x00000000c0400000, 0x00000000c0400000|
|   5|0x00000000c0500000, 0x00000000c0500000, 0x00000000c0600000|  0%| F|  |TS  0|AC  0|TAMS 0x00000000c0500000, 0x00000000c0500000|
|   6|0x00000000c0600000, 0x00000000c0600000, 0x00000000c0700000|  0%| F|  |TS  0|AC  0|TAMS 0x00000000c0600000, 0x00000000c0600000|
|   7|0x00000000c0700000, 0x00000000c0700000, 0x00000000c0800000|  0%| F|  |TS  0|AC  0|TAMS 0x00000000c0700000, 0x00000000c0700000|
|   8|0x00000000c0800000, 0x00000000c0800000, 0x00000000c0900000|  0%| F|  |TS  0|AC  0|TAMS 0x00000000c0800000, 0x00000000c0800000|
|   9|0x00000000c0900000, 0x00000000c0900000, 0x00000000c0a00000|  0%| F|  |TS  0|AC  0|TAMS 0x00000000c0900000, 0x00000000c0900000|
|  10|0x00000000c0a00000, 0x00000000c0a00000, 0x00000000c0b00000|  0%| F|  |TS  0|AC  0|TAMS 0x00000000c0a00000, 0x00000000c0a00000|
|  11|0x00000000c0b00000, 0x00000000c0b00000, 0x00000000c0c00000|  0%| F|  |TS  0|AC  0|TAMS 0x00000000c0b00000, 0x00000000c0b00000|
|  12|0x00000000c0c00000, 0x00000000c0c00000, 0x00000000c0d00000|  0%| F|  |TS  0|AC  0|TAMS 0x00000000c0c00000, 0x00000000c0c00000|
|  13|0x00000000c0d00000, 0x00000000c0d00000, 0x00000000c0e00000|  0%| F|  |TS  0|AC  0|TAMS 0x00000000c0d00000, 0x00000000c0d00000|
|  14|0x00000000c0e00000, 0x00000000c0e00000, 0x00000000c0f00000|  0%| F|  |TS  0|AC  0|TAMS 0x00000000c0e00000, 0x00000000c0e00000|
|  15|0x00000000c0f00000, 0x00000000c0f00000, 0x00000000c1000000|  0%| F|  |TS  0|AC  0|TAMS 0x00000000c0f00000, 0x00000000c0f00000|
|  16|0x00000000c1000000, 0x00000000c1000000, 0x00000000c1100000|  0%| F|  |TS  0|AC  0|TAMS 0x00000000c1000000, 0x00000000c1000000|
|  17|0x00000000c1100000, 0x00000000c1100000, 0x00000000c1200000|  0%| F|  |TS  0|AC  0|TAMS 0x00000000c1100000, 0x00000000c1100000|
|  18|0x00000000c1200000, 0x00000000c1200000, 0x00000000c1300000|  0%| F|  |TS  0|AC  0|TAMS 0x00000000c1200000, 0x00000000c1200000|
|  19|0x00000000c1300000, 0x00000000c1300000, 0x00000000c1400000|  0%| F|  |TS  0|AC  0|TAMS 0x00000000c1300000, 0x00000000c1300000|
|  20|0x00000000c1400000, 0x00000000c1400000, 0x00000000c1500000|  0%| F|  |TS  0|AC  0|TAMS 0x00000000c1400000, 0x00000000c1400000|
|  21|0x00000000c1500000, 0x00000000c1500000, 0x00000000c1600000|  0%| F|  |TS  0|AC  0|TAMS 0x00000000c1500000, 0x00000000c1500000|
|  22|0x00000000c1600000, 0x00000000c1600000, 0x00000000c1700000|  0%| F|  |TS  0|AC  0|TAMS 0x00000000c1600000, 0x00000000c1600000|
|  23|0x00000000c1700000, 0x00000000c1700000, 0x00000000c1800000|  0%| F|  |TS  0|AC  0|TAMS 0x00000000c1700000, 0x00000000c1700000|
|  24|0x00000000c1800000, 0x00000000c1800000, 0x00000000c1900000|  0%| F|  |TS  0|AC  0|TAMS 0x00000000c1800000, 0x00000000c1800000|
|  25|0x00000000c1900000, 0x00000000c1900000, 0x00000000c1a00000|  0%| F|  |TS  0|AC  0|TAMS 0x00000000c1900000, 0x00000000c1900000|
|  26|0x00000000c1a00000, 0x00000000c1a00000, 0x00000000c1b00000|  0%| F|  |TS  0|AC  0|TAMS 0x00000000c1a00000, 0x00000000c1a00000|
|  27|0x00000000c1b00000, 0x00000000c1b00000, 0x00000000c1c00000|  0%| F|  |TS  0|AC  0|TAMS 0x00000000c1b00000, 0x00000000c1b00000|
|  28|0x00000000c1c00000, 0x00000000c1c00000, 0x00000000c1d00000|  0%| F|  |TS  0|AC  0|TAMS 0x00000000c1c00000, 0x00000000c1c00000|
|  29|0x00000000c1d00000, 0x00000000c1d00000, 0x00000000c1e00000|  0%| F|  |TS  0|AC  0|TAMS 0x00000000c1d00000, 0x00000000c1d00000|
|  30|0x00000000c1e00000, 0x00000000c1e00000, 0x00000000c1f00000|  0%| F|  |TS  0|AC  0|TAMS 0x00000000c1e00000, 0x00000000c1e00000|
|  31|0x00000000c1f00000, 0x00000000c1f00000, 0x00000000c2000000|  0%| F|  |TS  0|AC  0|TAMS 0x00000000c1f00000, 0x00000000c1f00000|
|  32|0x00000000c2000000, 0x00000000c2000000, 0x00000000c2100000|  0%| F|  |TS  0|AC  0|TAMS 0x00000000c2000000, 0x00000000c2000000|
|  33|0x00000000c2100000, 0x00000000c2100000, 0x00000000c2200000|  0%| F|  |TS  0|AC  0|TAMS 0x00000000c2100000, 0x00000000c2100000|
|  34|0x00000000c2200000, 0x00000000c2200000, 0x00000000c2300000|  0%| F|  |TS  0|AC  0|TAMS 0x00000000c2200000, 0x00000000c2200000|
|  35|0x00000000c2300000, 0x00000000c2300000, 0x00000000c2400000|  0%| F|  |TS  0|AC  0|TAMS 0x00000000c2300000, 0x00000000c2300000|
|  36|0x00000000c2400000, 0x00000000c2400000, 0x00000000c2500000|  0%| F|  |TS  0|AC  0|TAMS 0x00000000c2400000, 0x00000000c2400000|
|  37|0x00000000c2500000, 0x00000000c2500000, 0x00000000c2600000|  0%| F|  |TS  0|AC  0|TAMS 0x00000000c2500000, 0x00000000c2500000|
|  38|0x00000000c2600000, 0x00000000c2600000, 0x00000000c2700000|  0%| F|  |TS  0|AC  0|TAMS 0x00000000c2600000, 0x00000000c2600000|
|  39|0x00000000c2700000, 0x00000000c2700000, 0x00000000c2800000|  0%| F|  |TS  0|AC  0|TAMS 0x00000000c2700000, 0x00000000c2700000|
|  40|0x00000000c2800000, 0x00000000c2800000, 0x00000000c2900000|  0%| F|  |TS  0|AC  0|TAMS 0x00000000c2800000, 0x00000000c2800000|
|  41|0x00000000c2900000, 0x00000000c2900000, 0x00000000c2a00000|  0%| F|  |TS  0|AC  0|TAMS 0x00000000c2900000, 0x00000000c2900000|
|  42|0x00000000c2a00000, 0x00000000c2a00000, 0x00000000c2b00000|  0%| F|  |TS  0|AC  0|TAMS 0x00000000c2a00000, 0x00000000c2a00000|
|  43|0x00000000c2b00000, 0x00000000c2b00000, 0x00000000c2c00000|  0%| F|  |TS  0|AC  0|TAMS 0x00000000c2b00000, 0x00000000c2b00000|
|  44|0x00000000c2c00000, 0x00000000c2c00000, 0x00000000c2d00000|  0%| F|  |TS  0|AC  0|TAMS 0x00000000c2c00000, 0x00000000c2c00000|
|  45|0x00000000c2d00000, 0x00000000c2d00000, 0x00000000c2e00000|  0%| F|  |TS  0|AC  0|TAMS 0x00000000c2d00000, 0x00000000c2d00000|
|  46|0x00000000c2e00000, 0x00000000c2e00000, 0x00000000c2f00000|  0%| F|  |TS  0|AC  0|TAMS 0x00000000c2e00000, 0x00000000c2e00000|
|  47|0x00000000c2f00000, 0x00000000c2f00000, 0x00000000c3000000|  0%| F|  |TS  0|AC  0|TAMS 0x00000000c2f00000, 0x00000000c2f00000|
|  48|0x00000000c3000000, 0x00000000c3000000, 0x00000000c3100000|  0%| F|  |TS  0|AC  0|TAMS 0x00000000c3000000, 0x00000000c3000000|
|  49|0x00000000c3100000, 0x00000000c3100000, 0x00000000c3200000|  0%| F|  |TS  0|AC  0|TAMS 0x00000000c3100000, 0x00000000c3100000|
|  50|0x00000000c3200000, 0x00000000c3200000, 0x00000000c3300000|  0%| F|  |TS  0|AC  0|TAMS 0x00000000c3200000, 0x00000000c3200000|
|  51|0x00000000c3300000, 0x00000000c3300000, 0x00000000c3400000|  0%| F|  |TS  0|AC  0|TAMS 0x00000000c3300000, 0x00000000c3300000|
|  52|0x00000000c3400000, 0x00000000c3400000, 0x00000000c3500000|  0%| F|  |TS  0|AC  0|TAMS 0x00000000c3400000, 0x00000000c3400000|
|  53|0x00000000c3500000, 0x00000000c3500000, 0x00000000c3600000|  0%| F|  |TS  0|AC  0|TAMS 0x00000000c3500000, 0x00000000c3500000|
|  54|0x00000000c3600000, 0x00000000c3600000, 0x00000000c3700000|  0%| F|  |TS  0|AC  0|TAMS 0x00000000c3600000, 0x00000000c3600000|
|  55|0x00000000c3700000, 0x00000000c3700000, 0x00000000c3800000|  0%| F|  |TS  0|AC  0|TAMS 0x00000000c3700000, 0x00000000c3700000|
|  56|0x00000000c3800000, 0x00000000c3900000, 0x00000000c3900000|100%| S|CS|TS  1|AC  0|TAMS 0x00000000c3800000, 0x00000000c3800000|
|  57|0x00000000c3900000, 0x00000000c3900000, 0x00000000c3a00000|  0%| F|  |TS  1|AC  0|TAMS 0x00000000c3900000, 0x00000000c3900000|
|  58|0x00000000c3a00000, 0x00000000c3a00000, 0x00000000c3b00000|  0%| F|  |TS  1|AC  0|TAMS 0x00000000c3a00000, 0x00000000c3a00000|
|  59|0x00000000c3b00000, 0x00000000c3b00000, 0x00000000c3c00000|  0%| F|  |TS  1|AC  0|TAMS 0x00000000c3b00000, 0x00000000c3b00000|
|  60|0x00000000c3c00000, 0x00000000c3c00000, 0x00000000c3d00000|  0%| F|  |TS  1|AC  0|TAMS 0x00000000c3c00000, 0x00000000c3c00000|
|  61|0x00000000c3d00000, 0x00000000c3e00000, 0x00000000c3e00000|100%| E|  |TS  1|AC  0|TAMS 0x00000000c3d00000, 0x00000000c3d00000|
|  62|0x00000000c3e00000, 0x00000000c3f00000, 0x00000000c3f00000|100%| E|CS|TS  1|AC  0|TAMS 0x00000000c3e00000, 0x00000000c3e00000|
|  63|0x00000000c3f00000, 0x00000000c4000000, 0x00000000c4000000|100%| E|CS|TS  1|AC  0|TAMS 0x00000000c3f00000, 0x00000000c3f00000|

Card table byte_map: [0x0000018875b50000,0x0000018875d50000] byte_map_base: 0x0000018875550000

Marking Bits (Prev, Next): (CMBitMap*) 0x0000018868a319a0, (CMBitMap*) 0x0000018868a319d8
 Prev Bits: [0x0000018875f50000, 0x0000018876f50000)
 Next Bits: [0x0000018876f50000, 0x0000018877f50000)

Polling page: 0x00000188687c0000

CodeHeap 'non-profiled nmethods': size=120064Kb used=267Kb max_used=267Kb free=119796Kb
 bounds [0x0000018807ac0000, 0x0000018807d30000, 0x000001880f000000]
CodeHeap 'profiled nmethods': size=120000Kb used=1344Kb max_used=1344Kb free=118655Kb
 bounds [0x0000018800590000, 0x0000018800800000, 0x0000018807ac0000]
CodeHeap 'non-nmethods': size=5696Kb used=1158Kb max_used=1165Kb free=4537Kb
 bounds [0x0000018800000000, 0x0000018800270000, 0x0000018800590000]
 total_blobs=1481 nmethods=812 adapters=426
 compilation: enabled

Compilation events (10 events):
Event: 2.175 Thread 0x000001887ab69000 nmethod 801 0x00000188006d9790 code [0x00000188006d9b60, 0x00000188006dc010]
Event: 2.180 Thread 0x000001887ab69000  803       3       java.lang.invoke.InvokerBytecodeGenerator::<init> (80 bytes)
Event: 2.181 Thread 0x000001887ab69000 nmethod 803 0x00000188006dcc10 code [0x00000188006dce00, 0x00000188006dd1f0]
Event: 2.183 Thread 0x000001887ab69000  806   !   3       java.lang.invoke.LambdaForm::compileToBytecode (162 bytes)
Event: 2.185 Thread 0x000001887ab69000 nmethod 806 0x00000188006dd490 code [0x00000188006dd800, 0x00000188006dec70]
Event: 2.186 Thread 0x000001887ab69000  807       3       java.lang.invoke.MethodHandles$Lookup::restrictProtectedReceiver (54 bytes)
Event: 2.187 Thread 0x000001887ab69000 nmethod 807 0x00000188006df590 code [0x00000188006df780, 0x00000188006dfcf0]
Event: 2.187 Thread 0x000001887ab69000  808       3       java.lang.invoke.DirectMethodHandle::make (20 bytes)
Event: 2.188 Thread 0x000001887ab69000 nmethod 808 0x00000188006dfe90 code [0x00000188006e0060, 0x00000188006e0290]
Event: 2.193 Thread 0x000001887ab69000  815       3       java.lang.invoke.ClassSpecializer$Factory::typeLoadOp (90 bytes)

GC Heap History (2 events):
Event: 1.771 GC heap before
{Heap before GC invocations=0 (full 0):
 garbage-first heap   total 65536K, used 7168K [0x00000000c0000000, 0x0000000100000000)
  region size 1024K, 7 young (7168K), 0 survivors (0K)
 Metaspace       used 10103K, capacity 10315K, committed 10496K, reserved 1058816K
  class space    used 929K, capacity 1011K, committed 1024K, reserved 1048576K
}
Event: 1.779 GC heap after
{Heap after GC invocations=1 (full 0):
 garbage-first heap   total 65536K, used 2084K [0x00000000c0000000, 0x0000000100000000)
  region size 1024K, 1 young (1024K), 1 survivors (1024K)
 Metaspace       used 10103K, capacity 10315K, committed 10496K, reserved 1058816K
  class space    used 929K, capacity 1011K, committed 1024K, reserved 1048576K
}

Deoptimization events (3 events):
Event: 0.429 Thread 0x00000188689de000 Uncommon trap: reason=unstable_if action=reinterpret pc=0x0000018807ac86dc method=java.util.HashMap.putVal(ILjava/lang/Object;Ljava/lang/Object;ZZ)Ljava/lang/Object; @ 69 c2
Event: 0.495 Thread 0x00000188689de000 Uncommon trap: reason=unstable_if action=reinterpret pc=0x0000018807ac36fc method=java.lang.String.hashCode()I @ 14 c2
Event: 1.730 Thread 0x00000188689de000 Uncommon trap: reason=unstable_if action=reinterpret pc=0x0000018807af26a4 method=jdk.internal.org.objectweb.asm.Type.getArgumentsAndReturnSizes(Ljava/lang/String;)I @ 88 c2

Classes redefined (0 events):
No events

Internal exceptions (10 events):
Event: 1.783 Thread 0x000001887af1e800 Exception <a 'java/lang/NoSuchMethodError'{0x00000000c3f01458}: method resolution failed> (0x00000000c3f01458) thrown at [t:/workspace/open/src/hotspot/share/prims/methodHandles.cpp, line 1226]
Event: 1.853 Thread 0x000001887b203000 Exception <a 'java/lang/NoSuchMethodError'{0x00000000c3e22a38}: java.lang.invoke.DirectMethodHandle$Holder.invokeStaticInit(Ljava/lang/Object;Ljava/lang/Object;Ljava/lang/Object;Ljava/lang/Object;)Ljava/lang/Object;> (0x00000000c3e22a38) thrown at [t:/wor
Event: 1.861 Thread 0x000001887b203000 Exception <a 'java/lang/NullPointerException'{0x00000000c3e2b738}> (0x00000000c3e2b738) thrown at [t:/workspace/open/src/hotspot/share/interpreter/linkResolver.cpp, line 1324]
Event: 1.861 Thread 0x000001887b203000 Exception <a 'java/lang/NullPointerException'{0x00000000c3e2b738}> (0x00000000c3e2b738) thrown at [t:/workspace/open/src/hotspot/share/prims/jvm.cpp, line 1349]
Event: 1.912 Thread 0x000001887b203000 Exception <a 'java/lang/NoSuchMethodError'{0x00000000c3e5af38}: java.lang.invoke.DirectMethodHandle$Holder.invokeSpecial(Ljava/lang/Object;Ljava/lang/Object;Ljava/lang/Object;Ljava/lang/Object;Ljava/lang/Object;)V> (0x00000000c3e5af38) thrown at [t:/works
Event: 2.180 Thread 0x000001887b203000 Exception <a 'java/lang/NoSuchMethodError'{0x00000000c3d98f28}: java.lang.invoke.DirectMethodHandle$Holder.invokeStatic(Ljava/lang/Object;Ljava/lang/Object;Ljava/lang/Object;Ljava/lang/Object;Ljava/lang/Object;Ljava/lang/Object;Ljava/lang/Object;Ljava/lan
Event: 2.185 Thread 0x000001887b203000 Exception <a 'java/lang/NoSuchMethodError'{0x00000000c3da89e8}: java.lang.invoke.DirectMethodHandle$Holder.invokeStatic(Ljava/lang/Object;Ljava/lang/Object;Ljava/lang/Object;Ljava/lang/Object;Ljava/lang/Object;Ljava/lang/Object;Ljava/lang/Object;Ljava/lan
Event: 2.190 Thread 0x000001887b203000 Exception <a 'java/lang/NoSuchMethodError'{0x00000000c3db8798}: java.lang.invoke.DirectMethodHandle$Holder.invokeSpecial(Ljava/lang/Object;Ljava/lang/Object;IILjava/lang/Object;Ljava/lang/Object;Ljava/lang/Object;)Ljava/lang/Object;> (0x00000000c3db8798) 
Event: 2.190 Thread 0x000001887b203000 Exception <a 'java/lang/NoSuchMethodError'{0x00000000c3dbc150}: java.lang.invoke.DelegatingMethodHandle$Holder.reinvoke_L(Ljava/lang/Object;IILjava/lang/Object;Ljava/lang/Object;Ljava/lang/Object;)Ljava/lang/Object;> (0x00000000c3dbc150) thrown at [t:/wor
Event: 2.191 Thread 0x000001887b203000 Exception <a 'java/lang/NoSuchMethodError'{0x00000000c3dc0910}: java.lang.invoke.DirectMethodHandle$Holder.invokeStatic(Ljava/lang/Object;Ljava/lang/Object;Ljava/lang/Object;Ljava/lang/Object;I)Ljava/lang/Object;> (0x00000000c3dc0910) thrown at [t:/worksp

Events (10 events):
Event: 2.165 Executing VM operation: RevokeBias
Event: 2.165 Executing VM operation: RevokeBias done
Event: 2.180 loading class java/lang/invoke/BoundMethodHandle$Species_LLLLLLLLLLLL
Event: 2.180 loading class java/lang/invoke/BoundMethodHandle$Species_LLLLLLLLLLLL done
Event: 2.182 loading class java/lang/invoke/BoundMethodHandle$Species_LLLLLLLLLLLLL
Event: 2.183 loading class java/lang/invoke/BoundMethodHandle$Species_LLLLLLLLLLLLL done
Event: 2.190 loading class java/lang/invoke/BoundMethodHandle$Species_LI
Event: 2.190 loading class java/lang/invoke/BoundMethodHandle$Species_LI done
Event: 2.192 loading class java/lang/invoke/BoundMethodHandle$Species_LII
Event: 2.192 loading class java/lang/invoke/BoundMethodHandle$Species_LII done


Dynamic libraries:
0x00007ff745460000 - 0x00007ff74549e000 	C:\Program Files\Java\jdk-10.0.2\bin\java.exe
0x00007ffa3a0b0000 - 0x00007ffa3a291000 	C:\WINDOWS\SYSTEM32\ntdll.dll
0x00007ffa392c0000 - 0x00007ffa39372000 	C:\WINDOWS\System32\KERNEL32.DLL
0x00007ffa37140000 - 0x00007ffa373b3000 	C:\WINDOWS\System32\KERNELBASE.dll
0x00007ffa37540000 - 0x00007ffa375e1000 	C:\WINDOWS\System32\ADVAPI32.dll
0x00007ffa39400000 - 0x00007ffa3949e000 	C:\WINDOWS\System32\msvcrt.dll
0x00007ffa39ea0000 - 0x00007ffa39efb000 	C:\WINDOWS\System32\sechost.dll
0x00007ffa398a0000 - 0x00007ffa399c4000 	C:\WINDOWS\System32\RPCRT4.dll
0x00007ffa39580000 - 0x00007ffa39710000 	C:\WINDOWS\System32\USER32.dll
0x00007ffa37080000 - 0x00007ffa370a0000 	C:\WINDOWS\System32\win32u.dll
0x00007ffa39870000 - 0x00007ffa39898000 	C:\WINDOWS\System32\GDI32.dll
0x00007ffa36ee0000 - 0x00007ffa37072000 	C:\WINDOWS\System32\gdi32full.dll
0x00007ffa370a0000 - 0x00007ffa3713f000 	C:\WINDOWS\System32\msvcp_win.dll
0x00007ffa373c0000 - 0x00007ffa374ba000 	C:\WINDOWS\System32\ucrtbase.dll
0x00007ffa2dcf0000 - 0x00007ffa2df59000 	C:\WINDOWS\WinSxS\amd64_microsoft.windows.common-controls_6595b64144ccf1df_6.0.17134.228_none_fb4599993062b194\COMCTL32.dll
0x00007ffa399d0000 - 0x00007ffa39cf3000 	C:\WINDOWS\System32\combase.dll
0x00007ffa374c0000 - 0x00007ffa3753a000 	C:\WINDOWS\System32\bcryptPrimitives.dll
0x00007ffa31300000 - 0x00007ffa3130a000 	C:\WINDOWS\SYSTEM32\VERSION.dll
0x00007ffa39510000 - 0x00007ffa3953d000 	C:\WINDOWS\System32\IMM32.DLL
0x00007ffa28820000 - 0x00007ffa2890f000 	C:\Program Files\Java\jdk-10.0.2\bin\msvcr120.dll
0x00007ffa04dd0000 - 0x00007ffa04e76000 	C:\Program Files\Java\jdk-10.0.2\bin\msvcp120.dll
0x0000000062cf0000 - 0x0000000063760000 	C:\Program Files\Java\jdk-10.0.2\bin\server\jvm.dll
0x00007ffa39500000 - 0x00007ffa39508000 	C:\WINDOWS\System32\PSAPI.DLL
0x00007ffa273b0000 - 0x00007ffa273b9000 	C:\WINDOWS\SYSTEM32\WSOCK32.dll
0x00007ffa39070000 - 0x00007ffa390dc000 	C:\WINDOWS\System32\WS2_32.dll
0x00007ffa34650000 - 0x00007ffa34673000 	C:\WINDOWS\SYSTEM32\WINMM.dll
0x00007ffa34620000 - 0x00007ffa3464a000 	C:\WINDOWS\SYSTEM32\WINMMBASE.dll
0x00007ffa36590000 - 0x00007ffa365d9000 	C:\WINDOWS\System32\cfgmgr32.dll
0x00007ffa318f0000 - 0x00007ffa318ff000 	C:\Program Files\Java\jdk-10.0.2\bin\verify.dll
0x00007ffa2e960000 - 0x00007ffa2eb29000 	C:\WINDOWS\SYSTEM32\DBGHELP.DLL
0x00007ffa2e930000 - 0x00007ffa2e959000 	C:\WINDOWS\SYSTEM32\dbgcore.DLL
0x00007ffa2e790000 - 0x00007ffa2e7b7000 	C:\Program Files\Java\jdk-10.0.2\bin\java.dll
0x00007ffa29c10000 - 0x00007ffa29c3a000 	C:\Program Files\Java\jdk-10.0.2\bin\instrument.dll
0x00007ffa31310000 - 0x00007ffa31326000 	C:\Program Files\Java\jdk-10.0.2\bin\zip.dll
0x00007ffa31870000 - 0x00007ffa3187a000 	C:\Program Files\Java\jdk-10.0.2\bin\jimage.dll
0x00007ffa37c30000 - 0x00007ffa39070000 	C:\WINDOWS\System32\SHELL32.dll
0x00007ffa39fd0000 - 0x00007ffa3a079000 	C:\WINDOWS\System32\shcore.dll
0x00007ffa365e0000 - 0x00007ffa36ced000 	C:\WINDOWS\System32\windows.storage.dll
0x00007ffa390e0000 - 0x00007ffa39131000 	C:\WINDOWS\System32\shlwapi.dll
0x00007ffa36410000 - 0x00007ffa36421000 	C:\WINDOWS\System32\kernel.appcore.dll
0x00007ffa363c0000 - 0x00007ffa363df000 	C:\WINDOWS\System32\profapi.dll
0x00007ffa36430000 - 0x00007ffa3647c000 	C:\WINDOWS\System32\powrprof.dll
0x00007ffa363e0000 - 0x00007ffa363ea000 	C:\WINDOWS\System32\FLTLIB.DLL
0x00007ffa2f240000 - 0x00007ffa2f25a000 	C:\Program Files\Java\jdk-10.0.2\bin\net.dll
0x00007ffa323b0000 - 0x00007ffa3248c000 	C:\WINDOWS\SYSTEM32\WINHTTP.dll
0x00007ffa35c40000 - 0x00007ffa35ca6000 	C:\WINDOWS\system32\mswsock.dll
0x00007ffa1ff00000 - 0x00007ffa1ff11000 	C:\Program Files\Java\jdk-10.0.2\bin\nio.dll
0x00007ffa1fe90000 - 0x00007ffa1feaa000 	F:\software\IntelliJ IDEA Community Edition 2018.2.3\bin\breakgen64.dll
0x0000018868870000 - 0x0000018868873000 	C:\Program Files\Java\jdk-10.0.2\bin\api-ms-win-core-console-l1-1-0.dll
0x0000018868880000 - 0x0000018868883000 	C:\Program Files\Java\jdk-10.0.2\bin\api-ms-win-core-datetime-l1-1-0.dll
0x0000018868890000 - 0x0000018868893000 	C:\Program Files\Java\jdk-10.0.2\bin\api-ms-win-core-debug-l1-1-0.dll
0x00000188688a0000 - 0x00000188688a3000 	C:\Program Files\Java\jdk-10.0.2\bin\api-ms-win-core-errorhandling-l1-1-0.dll
0x00000188688b0000 - 0x00000188688b4000 	C:\Program Files\Java\jdk-10.0.2\bin\api-ms-win-core-file-l1-1-0.dll
0x0000018868ac0000 - 0x0000018868ac3000 	C:\Program Files\Java\jdk-10.0.2\bin\api-ms-win-core-file-l1-2-0.dll
0x0000018868ad0000 - 0x0000018868ad3000 	C:\Program Files\Java\jdk-10.0.2\bin\api-ms-win-core-file-l2-1-0.dll
0x0000018868ae0000 - 0x0000018868ae3000 	C:\Program Files\Java\jdk-10.0.2\bin\api-ms-win-core-handle-l1-1-0.dll
0x000001887b870000 - 0x000001887b873000 	C:\Program Files\Java\jdk-10.0.2\bin\api-ms-win-core-heap-l1-1-0.dll
0x000001887b880000 - 0x000001887b883000 	C:\Program Files\Java\jdk-10.0.2\bin\api-ms-win-core-interlocked-l1-1-0.dll
0x000001887b890000 - 0x000001887b893000 	C:\Program Files\Java\jdk-10.0.2\bin\api-ms-win-core-libraryloader-l1-1-0.dll
0x000001887b8a0000 - 0x000001887b8a3000 	C:\Program Files\Java\jdk-10.0.2\bin\api-ms-win-core-localization-l1-2-0.dll
0x000001887b8b0000 - 0x000001887b8b3000 	C:\Program Files\Java\jdk-10.0.2\bin\api-ms-win-core-memory-l1-1-0.dll
0x000001887b8c0000 - 0x000001887b8c3000 	C:\Program Files\Java\jdk-10.0.2\bin\api-ms-win-core-namedpipe-l1-1-0.dll
0x000001887b8d0000 - 0x000001887b8d3000 	C:\Program Files\Java\jdk-10.0.2\bin\api-ms-win-core-processenvironment-l1-1-0.dll
0x000001887b8e0000 - 0x000001887b8e3000 	C:\Program Files\Java\jdk-10.0.2\bin\api-ms-win-core-processthreads-l1-1-0.dll
0x000001887b8f0000 - 0x000001887b8f3000 	C:\Program Files\Java\jdk-10.0.2\bin\api-ms-win-core-processthreads-l1-1-1.dll
0x000001887b900000 - 0x000001887b903000 	C:\Program Files\Java\jdk-10.0.2\bin\api-ms-win-core-profile-l1-1-0.dll
0x000001887b910000 - 0x000001887b913000 	C:\Program Files\Java\jdk-10.0.2\bin\api-ms-win-core-rtlsupport-l1-1-0.dll
0x000001887b920000 - 0x000001887b923000 	C:\Program Files\Java\jdk-10.0.2\bin\api-ms-win-core-string-l1-1-0.dll
0x000001887b930000 - 0x000001887b933000 	C:\Program Files\Java\jdk-10.0.2\bin\api-ms-win-core-synch-l1-1-0.dll
0x000001887b940000 - 0x000001887b943000 	C:\Program Files\Java\jdk-10.0.2\bin\api-ms-win-core-synch-l1-2-0.dll
0x000001887b950000 - 0x000001887b953000 	C:\Program Files\Java\jdk-10.0.2\bin\api-ms-win-core-sysinfo-l1-1-0.dll
0x000001887b960000 - 0x000001887b963000 	C:\Program Files\Java\jdk-10.0.2\bin\api-ms-win-core-timezone-l1-1-0.dll
0x000001887b970000 - 0x000001887b973000 	C:\Program Files\Java\jdk-10.0.2\bin\api-ms-win-core-util-l1-1-0.dll
0x000001887b980000 - 0x000001887b983000 	C:\Program Files\Java\jdk-10.0.2\bin\api-ms-win-crt-conio-l1-1-0.dll
0x000001887b990000 - 0x000001887b994000 	C:\Program Files\Java\jdk-10.0.2\bin\api-ms-win-crt-convert-l1-1-0.dll
0x000001887b9a0000 - 0x000001887b9a3000 	C:\Program Files\Java\jdk-10.0.2\bin\api-ms-win-crt-environment-l1-1-0.dll
0x000001887b9b0000 - 0x000001887b9b3000 	C:\Program Files\Java\jdk-10.0.2\bin\api-ms-win-crt-filesystem-l1-1-0.dll
0x000001887b9c0000 - 0x000001887b9c3000 	C:\Program Files\Java\jdk-10.0.2\bin\api-ms-win-crt-heap-l1-1-0.dll
0x000001887b9d0000 - 0x000001887b9d3000 	C:\Program Files\Java\jdk-10.0.2\bin\api-ms-win-crt-locale-l1-1-0.dll
0x000001887b9e0000 - 0x000001887b9e5000 	C:\Program Files\Java\jdk-10.0.2\bin\api-ms-win-crt-math-l1-1-0.dll
0x000001887b9f0000 - 0x000001887b9f5000 	C:\Program Files\Java\jdk-10.0.2\bin\api-ms-win-crt-multibyte-l1-1-0.dll
0x000001887ba00000 - 0x000001887ba10000 	C:\Program Files\Java\jdk-10.0.2\bin\api-ms-win-crt-private-l1-1-0.dll
0x000001887ba10000 - 0x000001887ba13000 	C:\Program Files\Java\jdk-10.0.2\bin\api-ms-win-crt-process-l1-1-0.dll
0x000001887ba20000 - 0x000001887ba24000 	C:\Program Files\Java\jdk-10.0.2\bin\api-ms-win-crt-runtime-l1-1-0.dll
0x000001887ba30000 - 0x000001887ba34000 	C:\Program Files\Java\jdk-10.0.2\bin\api-ms-win-crt-stdio-l1-1-0.dll
0x000001887ba40000 - 0x000001887ba44000 	C:\Program Files\Java\jdk-10.0.2\bin\api-ms-win-crt-string-l1-1-0.dll
0x000001887ba50000 - 0x000001887ba53000 	C:\Program Files\Java\jdk-10.0.2\bin\api-ms-win-crt-time-l1-1-0.dll
0x000001887ba60000 - 0x000001887ba63000 	C:\Program Files\Java\jdk-10.0.2\bin\api-ms-win-crt-utility-l1-1-0.dll
0x00007ffa04cd0000 - 0x00007ffa04dc6000 	C:\Program Files\Java\jdk-10.0.2\bin\ucrtbase.dll
0x00007ffa1a710000 - 0x00007ffa1a726000 	C:\Program Files\Java\jdk-10.0.2\bin\vcruntime140.dll
0x00007ffa04220000 - 0x00007ffa042bc000 	C:\Program Files\Java\jdk-10.0.2\bin\msvcp140.dll
0x00007ffa041c0000 - 0x00007ffa04211000 	C:\Program Files\Java\jdk-10.0.2\bin\concrt140.dll
0x00007ffa115e0000 - 0x00007ffa11603000 	C:\Program Files\Java\jdk-10.0.2\bin\prism_d3d.dll
0x00007ffa1f680000 - 0x00007ffa1f817000 	C:\WINDOWS\system32\d3d9.dll
0x00007ffa34b50000 - 0x00007ffa34b79000 	C:\WINDOWS\SYSTEM32\dwmapi.dll
0x00007ffa348c0000 - 0x00007ffa34958000 	C:\WINDOWS\system32\uxtheme.dll
0x00007ffa31330000 - 0x00007ffa3151e000 	C:\WINDOWS\System32\DriverStore\FileRepository\c0330897.inf_amd64_e597c9af3e80d847\B330925\aticfx64.dll
0x00007ff9ffc90000 - 0x00007ff9ffcbe000 	C:\WINDOWS\System32\DriverStore\FileRepository\c0330897.inf_amd64_e597c9af3e80d847\B330925\atiu9p64.dll
0x00007ff9ff040000 - 0x00007ff9ffc89000 	C:\WINDOWS\System32\DriverStore\FileRepository\c0330897.inf_amd64_e597c9af3e80d847\B330925\atiumd64.dll
0x00007ffa39710000 - 0x00007ffa39861000 	C:\WINDOWS\System32\ole32.dll
0x0000000064840000 - 0x00000000654c7000 	C:\WINDOWS\System32\DriverStore\FileRepository\c0330897.inf_amd64_e597c9af3e80d847\B330925\atiumd6a.dll
0x00007ffa2f700000 - 0x00007ffa2f729000 	C:\WINDOWS\SYSTEM32\amdihk64.dll
0x00007ffa050a0000 - 0x00007ffa050ea000 	C:\Program Files\Java\jdk-10.0.2\bin\glass.dll
0x00007ffa37650000 - 0x00007ffa3773d000 	C:\WINDOWS\System32\COMDLG32.dll
0x00007ffa39f00000 - 0x00007ffa39fc2000 	C:\WINDOWS\System32\OLEAUT32.dll
0x00007ffa39140000 - 0x00007ffa392b5000 	C:\WINDOWS\System32\MSCTF.dll
0x00007ffa11970000 - 0x00007ffa11984000 	C:\Program Files\Java\jdk-10.0.2\bin\javafx_font.dll
0x00007ffa02170000 - 0x00007ffa0230b000 	C:\Program Files\Java\jdk-10.0.2\bin\awt.dll
0x00007ffa330d0000 - 0x00007ffa33697000 	C:\WINDOWS\SYSTEM32\d2d1.dll
0x00007ffa34740000 - 0x00007ffa347cb000 	C:\WINDOWS\SYSTEM32\apphelp.dll
0x00007ffa03dd0000 - 0x00007ffa03e35000 	C:\Program Files\Java\jdk-10.0.2\bin\fontmanager.dll

dbghelp: loaded successfully - version: 4.0.5 - missing functions: none
symbol engine: initialized successfully - sym options: 0x614 - pdb path: .;C:\Program Files\Java\jdk-10.0.2\bin;C:\WINDOWS\SYSTEM32;C:\WINDOWS\WinSxS\amd64_microsoft.windows.common-controls_6595b64144ccf1df_6.0.17134.228_none_fb4599993062b194;C:\Program Files\Java\jdk-10.0.2\bin\server;F:\software\IntelliJ IDEA Community Edition 2018.2.3\bin;C:\WINDOWS\System32\DriverStore\FileRepository\c0330897.inf_amd64_e597c9af3e80d847\B330925

VM Arguments:
jvm_args: -javaagent:F:\software\IntelliJ IDEA Community Edition 2018.2.3\lib\idea_rt.jar=50593:F:\software\IntelliJ IDEA Community Edition 2018.2.3\bin -Dfile.encoding=UTF-8 
java_command: sample.Main
java_class_path (initial): F:\lern\MyLabs\4 cours\First\RKPP\out\production\RKPP
Launcher Type: SUN_STANDARD

Logging:
Log output configuration:
#0: stdout all=warning uptime,level,tags
#1: stderr all=off uptime,level,tags

Environment Variables:
PATH=C:\Program Files\Docker\Docker\Resources\bin;C:\Program Files (x86)\Common Files\Oracle\Java\javapath;C:\WINDOWS\system32;C:\WINDOWS;C:\WINDOWS\System32\Wbem;C:\WINDOWS\System32\WindowsPowerShell\v1.0\;C:\Program Files\dotnet\;C:\WINDOWS\System32\OpenSSH\;F:\programs\Git\cmd;C:\Program Files\Microsoft VS Code\bin;F:\software\Qt\5.11.1\\mingw53_32\bin;C:\Program Files\Microsoft SQL Server\130\Tools\Binn\;C:\Users\andre\.dotnet\tools
USERNAME=andre
OS=Windows_NT
PROCESSOR_IDENTIFIER=AMD64 Family 15 Model 67 Stepping 3, AuthenticAMD



---------------  S Y S T E M  ---------------

OS: Windows 10 , 64 bit Build 17134 (10.0.17134.1)

CPU:total 2 (initial active 2) (2 cores per cpu, 1 threads per core) family 15 model 67 stepping 3, cmov, cx8, fxsr, mmx, sse, sse2, sse3, mmxext, 3dnowpref, tsc

Memory: 4k page, physical 4193524k(586796k free), swap 6290676k(2072k free)

vm_info: Java HotSpot(TM) 64-Bit Server VM (10.0.2+13) for windows-amd64 JRE (10.0.2+13), built on Jun 28 2018 01:57:56 by "mach5one" with MS VC++ 12.0 (VS2013)

END.
